[ 2017-04-24T09:31:34+08:00 ] 127.0.0.1 /think/index.php
INFO: [ app_init ] --START--
INFO: Run Behavior\BuildLiteBehavior [ RunTime:0.000000s ]
INFO: [ app_init ] --END-- [ RunTime:0.010000s ]
INFO: [ app_begin ] --START--
INFO: Run Behavior\ReadHtmlCacheBehavior [ RunTime:0.001000s ]
INFO: [ app_begin ] --END-- [ RunTime:0.001000s ]
INFO: [ view_parse ] --START--
INFO: [ template_filter ] --START--
INFO: Run Behavior\ContentReplaceBehavior [ RunTime:0.062003s ]
INFO: [ template_filter ] --END-- [ RunTime:0.062003s ]
INFO: Run Behavior\ParseTemplateBehavior [ RunTime:0.069004s ]
INFO: [ view_parse ] --END-- [ RunTime:0.069004s ]
INFO: [ view_filter ] --START--
INFO: Run Behavior\WriteHtmlCacheBehavior [ RunTime:0.001000s ]
INFO: [ view_filter ] --END-- [ RunTime:0.001000s ]
INFO: [ app_end ] --START--
INFO: Run Behavior\ShowPageTraceBehavior [ RunTime:0.001000s ]
INFO: [ app_end ] --END-- [ RunTime:0.001000s ]

[ 2017-04-24T10:07:07+08:00 ] 127.0.0.1 /think/index.php?m=Home&c=User&a=text
INFO: [ app_init ] --START--
INFO: Run Behavior\BuildLiteBehavior [ RunTime:0.000000s ]
INFO: [ app_init ] --END-- [ RunTime:0.000000s ]
INFO: [ app_begin ] --START--
INFO: Run Behavior\ReadHtmlCacheBehavior [ RunTime:0.001001s ]
INFO: [ app_begin ] --END-- [ RunTime:0.001001s ]
ERR: 无法加载控制器:User

[ 2017-04-24T10:08:00+08:00 ] 127.0.0.1 /think/index.php?m=Home&c=User&a=text
INFO: [ app_init ] --START--
INFO: Run Behavior\BuildLiteBehavior [ RunTime:0.000000s ]
INFO: [ app_init ] --END-- [ RunTime:0.001000s ]
INFO: [ app_begin ] --START--
INFO: Run Behavior\ReadHtmlCacheBehavior [ RunTime:0.000000s ]
INFO: [ app_begin ] --END-- [ RunTime:0.002000s ]
INFO: [ app_end ] --START--
INFO: Run Behavior\ShowPageTraceBehavior [ RunTime:0.001000s ]
INFO: [ app_end ] --END-- [ RunTime:0.001000s ]

[ 2017-04-24T14:54:59+08:00 ] 127.0.0.1 /think/index.php/Home/User/login
INFO: [ app_init ] --START--
INFO: Run Behavior\BuildLiteBehavior [ RunTime:0.000000s ]
INFO: [ app_init ] --END-- [ RunTime:0.001000s ]
INFO: [ app_begin ] --START--
INFO: Run Behavior\ReadHtmlCacheBehavior [ RunTime:0.000000s ]
INFO: [ app_begin ] --END-- [ RunTime:0.000000s ]
ERR: 1103:Incorrect table name ''
 [ SQL语句 ] : SELECT * FROM `` WHERE ( userName='陈伟' ) 
ERR: 1103:Incorrect table name ''
 [ SQL语句 ] : SELECT * FROM `` WHERE ( userName='陈伟' ) 
NOTIC: [2] Cannot modify header information - headers already sent by (output started at D:\PHP-webapp\think\ThinkPHP\Library\Think\Db\Driver.class.php:170) D:\PHP-webapp\think\ThinkPHP\Library\Think\Think.class.php 第 229 行.
NOTIC: [2] Cannot modify header information - headers already sent by (output started at D:\PHP-webapp\think\ThinkPHP\Library\Think\Db\Driver.class.php:170) D:\PHP-webapp\think\ThinkPHP\Library\Think\Think.class.php 第 230 行.

[ 2017-04-24T15:10:21+08:00 ] 127.0.0.1 /think/index.php/Home/User/login
INFO: [ app_init ] --START--
INFO: Run Behavior\BuildLiteBehavior [ RunTime:0.000000s ]
INFO: [ app_init ] --END-- [ RunTime:0.001000s ]
INFO: [ app_begin ] --START--
INFO: Run Behavior\ReadHtmlCacheBehavior [ RunTime:0.000000s ]
INFO: [ app_begin ] --END-- [ RunTime:0.001000s ]
ERR: 1103:Incorrect table name ''
 [ SQL语句 ] : SELECT * FROM `` WHERE ( userName='陈伟' ) 
ERR: 1103:Incorrect table name ''
 [ SQL语句 ] : SELECT * FROM `` WHERE ( userName='陈伟' ) 
NOTIC: [2] Cannot modify header information - headers already sent by (output started at D:\PHP-webapp\think\ThinkPHP\Library\Think\Db\Driver.class.php:170) D:\PHP-webapp\think\ThinkPHP\Library\Think\Think.class.php 第 229 行.
NOTIC: [2] Cannot modify header information - headers already sent by (output started at D:\PHP-webapp\think\ThinkPHP\Library\Think\Db\Driver.class.php:170) D:\PHP-webapp\think\ThinkPHP\Library\Think\Think.class.php 第 230 行.

[ 2017-04-24T15:36:12+08:00 ] 127.0.0.1 /think/index.php/Home/User/login
INFO: [ app_init ] --START--
INFO: Run Behavior\BuildLiteBehavior [ RunTime:0.000000s ]
INFO: [ app_init ] --END-- [ RunTime:0.001000s ]
INFO: [ app_begin ] --START--
INFO: Run Behavior\ReadHtmlCacheBehavior [ RunTime:0.001000s ]
INFO: [ app_begin ] --END-- [ RunTime:0.001000s ]
ERR: 1103:Incorrect table name ''
 [ SQL语句 ] : SELECT * FROM `` WHERE ( userName='陈伟' ) 
ERR: 1103:Incorrect table name ''
 [ SQL语句 ] : SELECT * FROM `` WHERE ( userName='陈伟' ) 
NOTIC: [2] Cannot modify header information - headers already sent by (output started at D:\PHP-webapp\think\ThinkPHP\Library\Think\Db\Driver.class.php:170) D:\PHP-webapp\think\ThinkPHP\Library\Think\Think.class.php 第 229 行.
NOTIC: [2] Cannot modify header information - headers already sent by (output started at D:\PHP-webapp\think\ThinkPHP\Library\Think\Db\Driver.class.php:170) D:\PHP-webapp\think\ThinkPHP\Library\Think\Think.class.php 第 230 行.

[ 2017-04-24T16:10:01+08:00 ] 127.0.0.1 /think/index.php/Home/User/login
INFO: [ app_init ] --START--
INFO: Run Behavior\BuildLiteBehavior [ RunTime:0.000000s ]
INFO: [ app_init ] --END-- [ RunTime:0.001000s ]
INFO: [ app_begin ] --START--
INFO: Run Behavior\ReadHtmlCacheBehavior [ RunTime:0.000000s ]
INFO: [ app_begin ] --END-- [ RunTime:0.000000s ]
ERR: 1103:Incorrect table name ''
 [ SQL语句 ] : SELECT * FROM `` WHERE ( userName='陈伟' ) 
ERR: 1103:Incorrect table name ''
 [ SQL语句 ] : SELECT * FROM `` WHERE ( userName='陈伟' ) 
NOTIC: [2] Cannot modify header information - headers already sent by (output started at D:\PHP-webapp\think\ThinkPHP\Library\Think\Db\Driver.class.php:170) D:\PHP-webapp\think\ThinkPHP\Library\Think\Think.class.php 第 229 行.
NOTIC: [2] Cannot modify header information - headers already sent by (output started at D:\PHP-webapp\think\ThinkPHP\Library\Think\Db\Driver.class.php:170) D:\PHP-webapp\think\ThinkPHP\Library\Think\Think.class.php 第 230 行.

[ 2017-04-24T16:57:12+08:00 ] 127.0.0.1 /think/index.php/Home/User/login
INFO: [ app_init ] --START--
INFO: Run Behavior\BuildLiteBehavior [ RunTime:0.000000s ]
INFO: [ app_init ] --END-- [ RunTime:0.001000s ]
INFO: [ app_begin ] --START--
INFO: Run Behavior\ReadHtmlCacheBehavior [ RunTime:0.001000s ]
INFO: [ app_begin ] --END-- [ RunTime:0.001000s ]
ERR: 1103:Incorrect table name ''
 [ SQL语句 ] : SELECT * FROM `` WHERE ( userName=陈伟 ) 
ERR: 1103:Incorrect table name ''
 [ SQL语句 ] : SELECT * FROM `` WHERE ( userName=陈伟 ) 
NOTIC: [2] Cannot modify header information - headers already sent by (output started at D:\PHP-webapp\think\ThinkPHP\Library\Think\Db\Driver.class.php:170) D:\PHP-webapp\think\ThinkPHP\Library\Think\Think.class.php 第 229 行.
NOTIC: [2] Cannot modify header information - headers already sent by (output started at D:\PHP-webapp\think\ThinkPHP\Library\Think\Db\Driver.class.php:170) D:\PHP-webapp\think\ThinkPHP\Library\Think\Think.class.php 第 230 行.

[ 2017-04-24T16:57:14+08:00 ] 127.0.0.1 /think/index.php/Home/User/login
INFO: [ app_init ] --START--
INFO: Run Behavior\BuildLiteBehavior [ RunTime:0.000000s ]
INFO: [ app_init ] --END-- [ RunTime:0.001000s ]
INFO: [ app_begin ] --START--
INFO: Run Behavior\ReadHtmlCacheBehavior [ RunTime:0.001000s ]
INFO: [ app_begin ] --END-- [ RunTime:0.001000s ]
ERR: 1103:Incorrect table name ''
 [ SQL语句 ] : SELECT * FROM `` WHERE ( userName=陈伟 ) 
ERR: 1103:Incorrect table name ''
 [ SQL语句 ] : SELECT * FROM `` WHERE ( userName=陈伟 ) 
NOTIC: [2] Cannot modify header information - headers already sent by (output started at D:\PHP-webapp\think\ThinkPHP\Library\Think\Db\Driver.class.php:170) D:\PHP-webapp\think\ThinkPHP\Library\Think\Think.class.php 第 229 行.
NOTIC: [2] Cannot modify header information - headers already sent by (output started at D:\PHP-webapp\think\ThinkPHP\Library\Think\Db\Driver.class.php:170) D:\PHP-webapp\think\ThinkPHP\Library\Think\Think.class.php 第 230 行.

[ 2017-04-24T17:01:56+08:00 ] 127.0.0.1 /think/index.php/Home/User/login
INFO: [ app_init ] --START--
INFO: Run Behavior\BuildLiteBehavior [ RunTime:0.000000s ]
INFO: [ app_init ] --END-- [ RunTime:0.000000s ]
INFO: [ app_begin ] --START--
INFO: Run Behavior\ReadHtmlCacheBehavior [ RunTime:0.002000s ]
INFO: [ app_begin ] --END-- [ RunTime:0.002000s ]
ERR: 1103:Incorrect table name ''
 [ SQL语句 ] : SELECT * FROM `` WHERE ( userName='陈伟' ) 
ERR: 1103:Incorrect table name ''
 [ SQL语句 ] : SELECT * FROM `` WHERE ( userName='陈伟' ) 
NOTIC: [2] Cannot modify header information - headers already sent by (output started at D:\PHP-webapp\think\ThinkPHP\Library\Think\Db\Driver.class.php:170) D:\PHP-webapp\think\ThinkPHP\Library\Think\Think.class.php 第 229 行.
NOTIC: [2] Cannot modify header information - headers already sent by (output started at D:\PHP-webapp\think\ThinkPHP\Library\Think\Db\Driver.class.php:170) D:\PHP-webapp\think\ThinkPHP\Library\Think\Think.class.php 第 230 行.

[ 2017-04-24T17:02:03+08:00 ] 127.0.0.1 /think/index.php/Home/User/login
INFO: [ app_init ] --START--
INFO: Run Behavior\BuildLiteBehavior [ RunTime:0.001000s ]
INFO: [ app_init ] --END-- [ RunTime:0.001000s ]
INFO: [ app_begin ] --START--
INFO: Run Behavior\ReadHtmlCacheBehavior [ RunTime:0.001000s ]
INFO: [ app_begin ] --END-- [ RunTime:0.001000s ]
ERR: 1103:Incorrect table name ''
 [ SQL语句 ] : SELECT * FROM `` WHERE ( userName='陈伟' ) 
ERR: 1103:Incorrect table name ''
 [ SQL语句 ] : SELECT * FROM `` WHERE ( userName='陈伟' ) 
NOTIC: [2] Cannot modify header information - headers already sent by (output started at D:\PHP-webapp\think\ThinkPHP\Library\Think\Db\Driver.class.php:170) D:\PHP-webapp\think\ThinkPHP\Library\Think\Think.class.php 第 229 行.
NOTIC: [2] Cannot modify header information - headers already sent by (output started at D:\PHP-webapp\think\ThinkPHP\Library\Think\Db\Driver.class.php:170) D:\PHP-webapp\think\ThinkPHP\Library\Think\Think.class.php 第 230 行.

[ 2017-04-24T17:02:37+08:00 ] 127.0.0.1 /think/index.php/Home/User/login
INFO: [ app_init ] --START--
INFO: Run Behavior\BuildLiteBehavior [ RunTime:0.000000s ]
INFO: [ app_init ] --END-- [ RunTime:0.000000s ]
INFO: [ app_begin ] --START--
INFO: Run Behavior\ReadHtmlCacheBehavior [ RunTime:0.001000s ]
INFO: [ app_begin ] --END-- [ RunTime:0.001000s ]
ERR: 1103:Incorrect table name ''
 [ SQL语句 ] : SELECT * FROM `` WHERE ( userName='陈伟' ) 
ERR: 1103:Incorrect table name ''
 [ SQL语句 ] : SELECT * FROM `` WHERE ( userName='陈伟' ) 
NOTIC: [2] Cannot modify header information - headers already sent by (output started at D:\PHP-webapp\think\ThinkPHP\Library\Think\Db\Driver.class.php:170) D:\PHP-webapp\think\ThinkPHP\Library\Think\Think.class.php 第 229 行.
NOTIC: [2] Cannot modify header information - headers already sent by (output started at D:\PHP-webapp\think\ThinkPHP\Library\Think\Db\Driver.class.php:170) D:\PHP-webapp\think\ThinkPHP\Library\Think\Think.class.php 第 230 行.

[ 2017-04-24T17:02:48+08:00 ] 127.0.0.1 /think/index.php/Home/User/login
INFO: [ app_init ] --START--
INFO: Run Behavior\BuildLiteBehavior [ RunTime:0.000000s ]
INFO: [ app_init ] --END-- [ RunTime:0.000000s ]
INFO: [ app_begin ] --START--
INFO: Run Behavior\ReadHtmlCacheBehavior [ RunTime:0.001000s ]
INFO: [ app_begin ] --END-- [ RunTime:0.001000s ]
ERR: 1103:Incorrect table name ''
 [ SQL语句 ] : SELECT * FROM `` WHERE ( userName='陈伟' ) 
ERR: 1103:Incorrect table name ''
 [ SQL语句 ] : SELECT * FROM `` WHERE ( userName='陈伟' ) 
NOTIC: [2] Cannot modify header information - headers already sent by (output started at D:\PHP-webapp\think\ThinkPHP\Library\Think\Db\Driver.class.php:170) D:\PHP-webapp\think\ThinkPHP\Library\Think\Think.class.php 第 229 行.
NOTIC: [2] Cannot modify header information - headers already sent by (output started at D:\PHP-webapp\think\ThinkPHP\Library\Think\Db\Driver.class.php:170) D:\PHP-webapp\think\ThinkPHP\Library\Think\Think.class.php 第 230 行.

[ 2017-04-24T17:03:42+08:00 ] 127.0.0.1 /think/index.php/Home/User/login
INFO: [ app_init ] --START--
INFO: Run Behavior\BuildLiteBehavior [ RunTime:0.000000s ]
INFO: [ app_init ] --END-- [ RunTime:0.000000s ]
INFO: [ app_begin ] --START--
INFO: Run Behavior\ReadHtmlCacheBehavior [ RunTime:0.002000s ]
INFO: [ app_begin ] --END-- [ RunTime:0.002000s ]
ERR: 1103:Incorrect table name ''
 [ SQL语句 ] : SELECT * FROM `` WHERE ( userName='陈伟' ) 
ERR: 1103:Incorrect table name ''
 [ SQL语句 ] : SELECT * FROM `` WHERE ( userName='陈伟' ) 
NOTIC: [2] Cannot modify header information - headers already sent by (output started at D:\PHP-webapp\think\ThinkPHP\Library\Think\Db\Driver.class.php:170) D:\PHP-webapp\think\ThinkPHP\Library\Think\Think.class.php 第 229 行.
NOTIC: [2] Cannot modify header information - headers already sent by (output started at D:\PHP-webapp\think\ThinkPHP\Library\Think\Db\Driver.class.php:170) D:\PHP-webapp\think\ThinkPHP\Library\Think\Think.class.php 第 230 行.

[ 2017-04-24T17:03:59+08:00 ] 127.0.0.1 /think/index.php/Home/User/login
INFO: [ app_init ] --START--
INFO: Run Behavior\BuildLiteBehavior [ RunTime:0.000000s ]
INFO: [ app_init ] --END-- [ RunTime:0.000000s ]
INFO: [ app_begin ] --START--
INFO: Run Behavior\ReadHtmlCacheBehavior [ RunTime:0.001001s ]
INFO: [ app_begin ] --END-- [ RunTime:0.001001s ]
ERR: 1103:Incorrect table name ''
 [ SQL语句 ] : SELECT * FROM `` WHERE ( userName='陈伟' ) 
ERR: 1103:Incorrect table name ''
 [ SQL语句 ] : SELECT * FROM `` WHERE ( userName='陈伟' ) 
NOTIC: [2] Cannot modify header information - headers already sent by (output started at D:\PHP-webapp\think\ThinkPHP\Library\Think\Db\Driver.class.php:170) D:\PHP-webapp\think\ThinkPHP\Library\Think\Think.class.php 第 229 行.
NOTIC: [2] Cannot modify header information - headers already sent by (output started at D:\PHP-webapp\think\ThinkPHP\Library\Think\Db\Driver.class.php:170) D:\PHP-webapp\think\ThinkPHP\Library\Think\Think.class.php 第 230 行.

[ 2017-04-24T17:04:53+08:00 ] 127.0.0.1 /think/index.php/Home/User/login
INFO: [ app_init ] --START--
INFO: Run Behavior\BuildLiteBehavior [ RunTime:0.000000s ]
INFO: [ app_init ] --END-- [ RunTime:0.001000s ]
INFO: [ app_begin ] --START--
INFO: Run Behavior\ReadHtmlCacheBehavior [ RunTime:0.000000s ]
INFO: [ app_begin ] --END-- [ RunTime:0.000000s ]
SQL: SHOW COLUMNS FROM `employee` [ RunTime:0.0040s ]
SQL: SELECT * FROM `employee` WHERE ( userName='陈伟' )  [ RunTime:0.0170s ]
NOTIC: [8] Undefined index: userPass D:\PHP-webapp\think\Application\Home\Controller\UserController.class.php 第 20 行.
INFO: [ app_end ] --START--
INFO: Run Behavior\ShowPageTraceBehavior [ RunTime:0.001000s ]
INFO: [ app_end ] --END-- [ RunTime:0.001000s ]

[ 2017-04-24T17:05:18+08:00 ] 127.0.0.1 /think/index.php/Home/User/login
INFO: [ app_init ] --START--
INFO: Run Behavior\BuildLiteBehavior [ RunTime:0.000000s ]
INFO: [ app_init ] --END-- [ RunTime:0.001000s ]
INFO: [ app_begin ] --START--
INFO: Run Behavior\ReadHtmlCacheBehavior [ RunTime:0.000000s ]
INFO: [ app_begin ] --END-- [ RunTime:0.000000s ]
SQL: SHOW COLUMNS FROM `employee` [ RunTime:0.0030s ]
SQL: SELECT * FROM `employee` WHERE ( userName='陈伟' )  [ RunTime:0.0010s ]
NOTIC: [8] Undefined index: userPass D:\PHP-webapp\think\Application\Home\Controller\UserController.class.php 第 20 行.
INFO: [ app_end ] --START--
INFO: Run Behavior\ShowPageTraceBehavior [ RunTime:0.001000s ]
INFO: [ app_end ] --END-- [ RunTime:0.001000s ]

[ 2017-04-24T17:05:25+08:00 ] 127.0.0.1 /think/index.php/Home/User/login
INFO: [ app_init ] --START--
INFO: Run Behavior\BuildLiteBehavior [ RunTime:0.000000s ]
INFO: [ app_init ] --END-- [ RunTime:0.001000s ]
INFO: [ app_begin ] --START--
INFO: Run Behavior\ReadHtmlCacheBehavior [ RunTime:0.000000s ]
INFO: [ app_begin ] --END-- [ RunTime:0.001001s ]
SQL: SHOW COLUMNS FROM `employee` [ RunTime:0.0030s ]
SQL: SELECT * FROM `employee` WHERE ( userName='陈伟' )  [ RunTime:0.0010s ]
NOTIC: [8] Undefined index: userPass D:\PHP-webapp\think\Application\Home\Controller\UserController.class.php 第 20 行.
INFO: [ app_end ] --START--
INFO: Run Behavior\ShowPageTraceBehavior [ RunTime:0.001001s ]
INFO: [ app_end ] --END-- [ RunTime:0.001001s ]

[ 2017-04-24T17:06:14+08:00 ] 127.0.0.1 /think/index.php/Home/User/login
INFO: [ app_init ] --START--
INFO: Run Behavior\BuildLiteBehavior [ RunTime:0.000000s ]
INFO: [ app_init ] --END-- [ RunTime:0.001000s ]
INFO: [ app_begin ] --START--
INFO: Run Behavior\ReadHtmlCacheBehavior [ RunTime:0.000000s ]
INFO: [ app_begin ] --END-- [ RunTime:0.001000s ]
SQL: SHOW COLUMNS FROM `employee` [ RunTime:0.0020s ]
SQL: SELECT * FROM `employee` WHERE ( userName='陈伟' )  [ RunTime:0.0010s ]
NOTIC: [8] Undefined index: userPass D:\PHP-webapp\think\Application\Home\Controller\UserController.class.php 第 20 行.
INFO: [ app_end ] --START--
INFO: Run Behavior\ShowPageTraceBehavior [ RunTime:0.001000s ]
INFO: [ app_end ] --END-- [ RunTime:0.001000s ]

[ 2017-04-24T17:06:16+08:00 ] 127.0.0.1 /think/index.php/Home/User/login
INFO: [ app_init ] --START--
INFO: Run Behavior\BuildLiteBehavior [ RunTime:0.000000s ]
INFO: [ app_init ] --END-- [ RunTime:0.001000s ]
INFO: [ app_begin ] --START--
INFO: Run Behavior\ReadHtmlCacheBehavior [ RunTime:0.000000s ]
INFO: [ app_begin ] --END-- [ RunTime:0.000000s ]
SQL: SHOW COLUMNS FROM `employee` [ RunTime:0.0020s ]
SQL: SELECT * FROM `employee` WHERE ( userName='陈伟' )  [ RunTime:0.0010s ]
NOTIC: [8] Undefined index: userPass D:\PHP-webapp\think\Application\Home\Controller\UserController.class.php 第 20 行.
INFO: [ app_end ] --START--
INFO: Run Behavior\ShowPageTraceBehavior [ RunTime:0.001000s ]
INFO: [ app_end ] --END-- [ RunTime:0.001000s ]

[ 2017-04-24T17:06:17+08:00 ] 127.0.0.1 /think/index.php/Home/User/login
INFO: [ app_init ] --START--
INFO: Run Behavior\BuildLiteBehavior [ RunTime:0.000000s ]
INFO: [ app_init ] --END-- [ RunTime:0.001000s ]
INFO: [ app_begin ] --START--
INFO: Run Behavior\ReadHtmlCacheBehavior [ RunTime:0.000000s ]
INFO: [ app_begin ] --END-- [ RunTime:0.001000s ]
SQL: SHOW COLUMNS FROM `employee` [ RunTime:0.0020s ]
SQL: SELECT * FROM `employee` WHERE ( userName='陈伟' )  [ RunTime:0.0010s ]
NOTIC: [8] Undefined index: userPass D:\PHP-webapp\think\Application\Home\Controller\UserController.class.php 第 20 行.
INFO: [ app_end ] --START--
INFO: Run Behavior\ShowPageTraceBehavior [ RunTime:0.001000s ]
INFO: [ app_end ] --END-- [ RunTime:0.001000s ]

[ 2017-04-24T17:07:04+08:00 ] 127.0.0.1 /think/index.php/Home/User/login
INFO: [ app_init ] --START--
INFO: Run Behavior\BuildLiteBehavior [ RunTime:0.001000s ]
INFO: [ app_init ] --END-- [ RunTime:0.001000s ]
INFO: [ app_begin ] --START--
INFO: Run Behavior\ReadHtmlCacheBehavior [ RunTime:0.001000s ]
INFO: [ app_begin ] --END-- [ RunTime:0.001000s ]
SQL: SHOW COLUMNS FROM `employee` [ RunTime:0.0030s ]
SQL: SELECT * FROM `employee` WHERE ( userName='陈伟' )  [ RunTime:0.0010s ]
NOTIC: [8] Undefined index: jid D:\PHP-webapp\think\Application\Home\Controller\UserController.class.php 第 25 行.
SQL: SHOW COLUMNS FROM `employee` [ RunTime:0.0020s ]
ERR: 1064:You have an error in your SQL syntax; check the manual that corresponds to your MySQL server version for the right syntax to use near ')' at line 1
 [ SQL语句 ] : SELECT m.* FROM employee emp,jobmenu job,menu m WHERE ( emp.eid=job.eid and job.jid=emp.jid and m.mid= ) 
ERR: 1064:You have an error in your SQL syntax; check the manual that corresponds to your MySQL server version for the right syntax to use near ')' at line 1
 [ SQL语句 ] : SELECT m.* FROM employee emp,jobmenu job,menu m WHERE ( emp.eid=job.eid and job.jid=emp.jid and m.mid= ) 
NOTIC: [2] Cannot modify header information - headers already sent by (output started at D:\PHP-webapp\think\ThinkPHP\Library\Think\Db\Driver.class.php:170) D:\PHP-webapp\think\ThinkPHP\Library\Think\Think.class.php 第 229 行.
NOTIC: [2] Cannot modify header information - headers already sent by (output started at D:\PHP-webapp\think\ThinkPHP\Library\Think\Db\Driver.class.php:170) D:\PHP-webapp\think\ThinkPHP\Library\Think\Think.class.php 第 230 行.

[ 2017-04-24T17:08:27+08:00 ] 127.0.0.1 /think/index.php/Home/User/login
INFO: [ app_init ] --START--
INFO: Run Behavior\BuildLiteBehavior [ RunTime:0.000000s ]
INFO: [ app_init ] --END-- [ RunTime:0.001000s ]
INFO: [ app_begin ] --START--
INFO: Run Behavior\ReadHtmlCacheBehavior [ RunTime:0.000000s ]
INFO: [ app_begin ] --END-- [ RunTime:0.001000s ]
SQL: SHOW COLUMNS FROM `employee` [ RunTime:0.0020s ]
SQL: SELECT * FROM `employee` WHERE ( userName='陈伟' )  [ RunTime:0.0010s ]
SQL: SHOW COLUMNS FROM `employee` [ RunTime:0.0030s ]
ERR: 1054:Unknown column 'jm.jid' in 'where clause'
 [ SQL语句 ] : SELECT m.* FROM employee em,jobmenu jm,menu m WHERE ( em.eid=jm.eid and jm.jid=em.jid and m.mid=1 ) 
ERR: 1054:Unknown column 'jm.jid' in 'where clause'
 [ SQL语句 ] : SELECT m.* FROM employee em,jobmenu jm,menu m WHERE ( em.eid=jm.eid and jm.jid=em.jid and m.mid=1 ) 
NOTIC: [2] Cannot modify header information - headers already sent by (output started at D:\PHP-webapp\think\ThinkPHP\Library\Think\Db\Driver.class.php:170) D:\PHP-webapp\think\ThinkPHP\Library\Think\Think.class.php 第 229 行.
NOTIC: [2] Cannot modify header information - headers already sent by (output started at D:\PHP-webapp\think\ThinkPHP\Library\Think\Db\Driver.class.php:170) D:\PHP-webapp\think\ThinkPHP\Library\Think\Think.class.php 第 230 行.

[ 2017-04-24T17:08:29+08:00 ] 127.0.0.1 /think/index.php/Home/User/login
INFO: [ app_init ] --START--
INFO: Run Behavior\BuildLiteBehavior [ RunTime:0.001000s ]
INFO: [ app_init ] --END-- [ RunTime:0.001000s ]
INFO: [ app_begin ] --START--
INFO: Run Behavior\ReadHtmlCacheBehavior [ RunTime:0.001000s ]
INFO: [ app_begin ] --END-- [ RunTime:0.001000s ]
SQL: SHOW COLUMNS FROM `employee` [ RunTime:0.0030s ]
SQL: SELECT * FROM `employee` WHERE ( userName='陈伟' )  [ RunTime:0.0020s ]
SQL: SHOW COLUMNS FROM `employee` [ RunTime:0.0020s ]
ERR: 1054:Unknown column 'jm.jid' in 'where clause'
 [ SQL语句 ] : SELECT m.* FROM employee em,jobmenu jm,menu m WHERE ( em.eid=jm.eid and jm.jid=em.jid and m.mid=1 ) 
ERR: 1054:Unknown column 'jm.jid' in 'where clause'
 [ SQL语句 ] : SELECT m.* FROM employee em,jobmenu jm,menu m WHERE ( em.eid=jm.eid and jm.jid=em.jid and m.mid=1 ) 
NOTIC: [2] Cannot modify header information - headers already sent by (output started at D:\PHP-webapp\think\ThinkPHP\Library\Think\Db\Driver.class.php:170) D:\PHP-webapp\think\ThinkPHP\Library\Think\Think.class.php 第 229 行.
NOTIC: [2] Cannot modify header information - headers already sent by (output started at D:\PHP-webapp\think\ThinkPHP\Library\Think\Db\Driver.class.php:170) D:\PHP-webapp\think\ThinkPHP\Library\Think\Think.class.php 第 230 行.

[ 2017-04-24T17:09:26+08:00 ] 127.0.0.1 /think/index.php/Home/User/login
INFO: [ app_init ] --START--
INFO: Run Behavior\BuildLiteBehavior [ RunTime:0.000000s ]
INFO: [ app_init ] --END-- [ RunTime:0.001000s ]
INFO: [ app_begin ] --START--
INFO: Run Behavior\ReadHtmlCacheBehavior [ RunTime:0.000000s ]
INFO: [ app_begin ] --END-- [ RunTime:0.000000s ]
SQL: SHOW COLUMNS FROM `employee` [ RunTime:0.0020s ]
SQL: SELECT * FROM `employee` WHERE ( userName='陈伟' )  [ RunTime:0.0010s ]
SQL: SHOW COLUMNS FROM `employee` [ RunTime:0.0020s ]
ERR: 1054:Unknown column 'em.emid' in 'where clause'
 [ SQL语句 ] : SELECT m.* FROM employee em,jobmenu jm,menu m WHERE ( em.eid=jm.eid and jm.emid=em.emid and m.mid=1 ) 
ERR: 1054:Unknown column 'em.emid' in 'where clause'
 [ SQL语句 ] : SELECT m.* FROM employee em,jobmenu jm,menu m WHERE ( em.eid=jm.eid and jm.emid=em.emid and m.mid=1 ) 
NOTIC: [2] Cannot modify header information - headers already sent by (output started at D:\PHP-webapp\think\ThinkPHP\Library\Think\Db\Driver.class.php:170) D:\PHP-webapp\think\ThinkPHP\Library\Think\Think.class.php 第 229 行.
NOTIC: [2] Cannot modify header information - headers already sent by (output started at D:\PHP-webapp\think\ThinkPHP\Library\Think\Db\Driver.class.php:170) D:\PHP-webapp\think\ThinkPHP\Library\Think\Think.class.php 第 230 行.

[ 2017-04-24T17:09:28+08:00 ] 127.0.0.1 /think/index.php/Home/User/login
INFO: [ app_init ] --START--
INFO: Run Behavior\BuildLiteBehavior [ RunTime:0.000000s ]
INFO: [ app_init ] --END-- [ RunTime:0.001000s ]
INFO: [ app_begin ] --START--
INFO: Run Behavior\ReadHtmlCacheBehavior [ RunTime:0.000000s ]
INFO: [ app_begin ] --END-- [ RunTime:0.001000s ]
SQL: SHOW COLUMNS FROM `employee` [ RunTime:0.0030s ]
SQL: SELECT * FROM `employee` WHERE ( userName='陈伟' )  [ RunTime:0.0010s ]
SQL: SHOW COLUMNS FROM `employee` [ RunTime:0.0020s ]
ERR: 1054:Unknown column 'em.emid' in 'where clause'
 [ SQL语句 ] : SELECT m.* FROM employee em,jobmenu jm,menu m WHERE ( em.eid=jm.eid and jm.emid=em.emid and m.mid=1 ) 
ERR: 1054:Unknown column 'em.emid' in 'where clause'
 [ SQL语句 ] : SELECT m.* FROM employee em,jobmenu jm,menu m WHERE ( em.eid=jm.eid and jm.emid=em.emid and m.mid=1 ) 
NOTIC: [2] Cannot modify header information - headers already sent by (output started at D:\PHP-webapp\think\ThinkPHP\Library\Think\Db\Driver.class.php:170) D:\PHP-webapp\think\ThinkPHP\Library\Think\Think.class.php 第 229 行.
NOTIC: [2] Cannot modify header information - headers already sent by (output started at D:\PHP-webapp\think\ThinkPHP\Library\Think\Db\Driver.class.php:170) D:\PHP-webapp\think\ThinkPHP\Library\Think\Think.class.php 第 230 行.

[ 2017-04-24T17:11:38+08:00 ] 127.0.0.1 /think/index.php/Home/User/login
INFO: [ app_init ] --START--
INFO: Run Behavior\BuildLiteBehavior [ RunTime:0.000000s ]
INFO: [ app_init ] --END-- [ RunTime:0.001000s ]
INFO: [ app_begin ] --START--
INFO: Run Behavior\ReadHtmlCacheBehavior [ RunTime:0.001000s ]
INFO: [ app_begin ] --END-- [ RunTime:0.001000s ]
SQL: SHOW COLUMNS FROM `employee` [ RunTime:0.0020s ]
SQL: SELECT * FROM `employee` WHERE ( userName='陈伟' )  [ RunTime:0.0000s ]
SQL: SHOW COLUMNS FROM `employeejob` [ RunTime:0.0020s ]
SQL: SELECT m.* FROM employeejob ej,jobmenu jm,menu m WHERE ( ej.eid = jm.eid AND m.mid = jm.mid and m.mid=1 )  [ RunTime:0.0000s ]
INFO: [ app_end ] --START--
INFO: Run Behavior\ShowPageTraceBehavior [ RunTime:0.000000s ]
INFO: [ app_end ] --END-- [ RunTime:0.001000s ]

[ 2017-04-24T17:13:04+08:00 ] 127.0.0.1 /think/index.php/Home/User/login
INFO: [ app_init ] --START--
INFO: Run Behavior\BuildLiteBehavior [ RunTime:0.000000s ]
INFO: [ app_init ] --END-- [ RunTime:0.001000s ]
INFO: [ app_begin ] --START--
INFO: Run Behavior\ReadHtmlCacheBehavior [ RunTime:0.000000s ]
INFO: [ app_begin ] --END-- [ RunTime:0.000000s ]
SQL: SHOW COLUMNS FROM `employee` [ RunTime:0.0040s ]
SQL: SELECT * FROM `employee` WHERE ( userName='陈伟' )  [ RunTime:0.0010s ]
SQL: SHOW COLUMNS FROM `employeejob` [ RunTime:0.0030s ]
SQL: SELECT m.* FROM employeejob ej,jobmenu jm,menu m WHERE ( ej.eid = jm.eid AND m.mid = jm.mid and m.mid=1 )  [ RunTime:0.0010s ]
INFO: [ app_end ] --START--
INFO: Run Behavior\ShowPageTraceBehavior [ RunTime:0.001000s ]
INFO: [ app_end ] --END-- [ RunTime:0.001000s ]

[ 2017-04-24T17:13:56+08:00 ] 127.0.0.1 /think/index.php/Home/User/login
INFO: [ app_init ] --START--
INFO: Run Behavior\BuildLiteBehavior [ RunTime:0.000000s ]
INFO: [ app_init ] --END-- [ RunTime:0.001000s ]
INFO: [ app_begin ] --START--
INFO: Run Behavior\ReadHtmlCacheBehavior [ RunTime:0.001000s ]
INFO: [ app_begin ] --END-- [ RunTime:0.001000s ]
SQL: SHOW COLUMNS FROM `employee` [ RunTime:0.0020s ]
SQL: SELECT * FROM `employee` WHERE ( userName='陈伟' )  [ RunTime:0.0010s ]
SQL: SHOW COLUMNS FROM `employeejob` [ RunTime:0.0020s ]
SQL: SELECT m.* FROM employeejob ej,jobmenu jm,menu m WHERE ( ej.eid = jm.eid AND m.mid = jm.mid and m.mid=1 )  [ RunTime:0.0010s ]
INFO: [ app_end ] --START--
INFO: Run Behavior\ShowPageTraceBehavior [ RunTime:0.000000s ]
INFO: [ app_end ] --END-- [ RunTime:0.001000s ]

[ 2017-04-24T17:15:24+08:00 ] 127.0.0.1 /think/index.php/Home/User/login
INFO: [ app_init ] --START--
INFO: Run Behavior\BuildLiteBehavior [ RunTime:0.000000s ]
INFO: [ app_init ] --END-- [ RunTime:0.000000s ]
INFO: [ app_begin ] --START--
INFO: Run Behavior\ReadHtmlCacheBehavior [ RunTime:0.001000s ]
INFO: [ app_begin ] --END-- [ RunTime:0.001000s ]
SQL: SHOW COLUMNS FROM `employee` [ RunTime:0.0030s ]
SQL: SELECT * FROM `employee` WHERE ( userName='陈伟' )  [ RunTime:0.0020s ]
SQL: SHOW COLUMNS FROM `employeejob` [ RunTime:0.0020s ]
SQL: SELECT m.* FROM employeejob ej,jobmenu jm,menu m WHERE ( ej.eid = jm.eid AND m.mid = jm.mid and m.mid=1 )  [ RunTime:0.0010s ]
INFO: [ app_end ] --START--
INFO: Run Behavior\ShowPageTraceBehavior [ RunTime:0.001000s ]
INFO: [ app_end ] --END-- [ RunTime:0.001000s ]

[ 2017-04-24T17:15:31+08:00 ] 127.0.0.1 /think/index.php/Home/User/login
INFO: [ app_init ] --START--
INFO: Run Behavior\BuildLiteBehavior [ RunTime:0.000000s ]
INFO: [ app_init ] --END-- [ RunTime:0.000000s ]
INFO: [ app_begin ] --START--
INFO: Run Behavior\ReadHtmlCacheBehavior [ RunTime:0.001000s ]
INFO: [ app_begin ] --END-- [ RunTime:0.001000s ]
SQL: SHOW COLUMNS FROM `employee` [ RunTime:0.0030s ]
SQL: SELECT * FROM `employee` WHERE ( userName='陈伟' )  [ RunTime:0.0000s ]
SQL: SHOW COLUMNS FROM `employeejob` [ RunTime:0.0020s ]
SQL: SELECT m.* FROM employeejob ej,jobmenu jm,menu m WHERE ( ej.eid = jm.eid AND m.mid = jm.mid and m.mid=1 )  [ RunTime:0.0010s ]
INFO: [ app_end ] --START--
INFO: Run Behavior\ShowPageTraceBehavior [ RunTime:0.001000s ]
INFO: [ app_end ] --END-- [ RunTime:0.001000s ]

[ 2017-04-24T17:17:06+08:00 ] 127.0.0.1 /think/index.php/Home/User/login
INFO: [ app_init ] --START--
INFO: Run Behavior\BuildLiteBehavior [ RunTime:0.000000s ]
INFO: [ app_init ] --END-- [ RunTime:0.000000s ]
INFO: [ app_begin ] --START--
INFO: Run Behavior\ReadHtmlCacheBehavior [ RunTime:0.001000s ]
INFO: [ app_begin ] --END-- [ RunTime:0.001000s ]
SQL: SHOW COLUMNS FROM `employee` [ RunTime:0.0030s ]
SQL: SELECT * FROM `employee` WHERE ( userName='陈伟' )  [ RunTime:0.0000s ]
SQL: SHOW COLUMNS FROM `employeejob` [ RunTime:0.0020s ]
SQL: SELECT m.* FROM employeejob ej,jobmenu jm,menu m WHERE ( ej.eid = jm.eid AND m.mid = jm.mid and m.mid=1 )  [ RunTime:0.0010s ]
INFO: [ app_end ] --START--
INFO: Run Behavior\ShowPageTraceBehavior [ RunTime:0.000000s ]
INFO: [ app_end ] --END-- [ RunTime:0.000000s ]

[ 2017-04-24T17:21:28+08:00 ] 127.0.0.1 /think/index.php/Home/User/login
INFO: [ app_init ] --START--
INFO: Run Behavior\BuildLiteBehavior [ RunTime:0.000000s ]
INFO: [ app_init ] --END-- [ RunTime:0.000000s ]
INFO: [ app_begin ] --START--
INFO: Run Behavior\ReadHtmlCacheBehavior [ RunTime:0.001000s ]
INFO: [ app_begin ] --END-- [ RunTime:0.001000s ]
SQL: SHOW COLUMNS FROM `employee` [ RunTime:0.0040s ]
SQL: SELECT * FROM `employee` WHERE ( userName='陈伟' )  [ RunTime:0.0010s ]
SQL: SHOW COLUMNS FROM `employeejob` [ RunTime:0.0020s ]
SQL: SELECT m.* FROM employeejob ej,jobmenu jm,menu m WHERE ( ej.eid = jm.eid AND m.mid = jm.mid and m.mid=1 )  [ RunTime:0.0010s ]
INFO: [ app_end ] --START--
INFO: Run Behavior\ShowPageTraceBehavior [ RunTime:0.001000s ]
INFO: [ app_end ] --END-- [ RunTime:0.001000s ]

[ 2017-04-24T17:22:36+08:00 ] 127.0.0.1 /think/index.php/Home/User/login
INFO: [ app_init ] --START--
INFO: Run Behavior\BuildLiteBehavior [ RunTime:0.000000s ]
INFO: [ app_init ] --END-- [ RunTime:0.000000s ]
INFO: [ app_begin ] --START--
INFO: Run Behavior\ReadHtmlCacheBehavior [ RunTime:0.001000s ]
INFO: [ app_begin ] --END-- [ RunTime:0.001000s ]
SQL: SHOW COLUMNS FROM `employee` [ RunTime:0.0030s ]
SQL: SELECT * FROM `employee` WHERE ( userName='陈伟' )  [ RunTime:0.0010s ]
SQL: SHOW COLUMNS FROM `employeejob` [ RunTime:0.0020s ]
SQL: SELECT m.* FROM employeejob ej,jobmenu jm,menu m WHERE ( ej.eid = jm.eid AND m.mid = jm.mid and m.mid=1 )  [ RunTime:0.0000s ]
INFO: [ app_end ] --START--
INFO: Run Behavior\ShowPageTraceBehavior [ RunTime:0.000000s ]
INFO: [ app_end ] --END-- [ RunTime:0.001000s ]

[ 2017-04-24T17:27:20+08:00 ] 127.0.0.1 /think/index.php/Home/User/login
INFO: [ app_init ] --START--
INFO: Run Behavior\BuildLiteBehavior [ RunTime:0.000000s ]
INFO: [ app_init ] --END-- [ RunTime:0.001000s ]
INFO: [ app_begin ] --START--
INFO: Run Behavior\ReadHtmlCacheBehavior [ RunTime:0.001000s ]
INFO: [ app_begin ] --END-- [ RunTime:0.001000s ]
SQL: SHOW COLUMNS FROM `employee` [ RunTime:0.0020s ]
SQL: SELECT * FROM `employee` WHERE ( userName='陈伟' )  [ RunTime:0.0000s ]
SQL: SHOW COLUMNS FROM `employeejob` [ RunTime:0.0030s ]
SQL: SELECT m.* FROM employeejob ej,jobmenu jm,menu m WHERE ( ej.eid = jm.eid AND m.mid = jm.mid and m.mid=1 )  [ RunTime:0.0010s ]
INFO: [ app_end ] --START--
INFO: Run Behavior\ShowPageTraceBehavior [ RunTime:0.001000s ]
INFO: [ app_end ] --END-- [ RunTime:0.001000s ]

[ 2017-04-24T17:27:22+08:00 ] 127.0.0.1 /think/index.php/Home/User/login
INFO: [ app_init ] --START--
INFO: Run Behavior\BuildLiteBehavior [ RunTime:0.000000s ]
INFO: [ app_init ] --END-- [ RunTime:0.000000s ]
INFO: [ app_begin ] --START--
INFO: Run Behavior\ReadHtmlCacheBehavior [ RunTime:0.000000s ]
INFO: [ app_begin ] --END-- [ RunTime:0.001001s ]
SQL: SHOW COLUMNS FROM `employee` [ RunTime:0.0030s ]
SQL: SELECT * FROM `employee` WHERE ( userName='陈伟' )  [ RunTime:0.0010s ]
SQL: SHOW COLUMNS FROM `employeejob` [ RunTime:0.0030s ]
SQL: SELECT m.* FROM employeejob ej,jobmenu jm,menu m WHERE ( ej.eid = jm.eid AND m.mid = jm.mid and m.mid=1 )  [ RunTime:0.0010s ]
INFO: [ app_end ] --START--
INFO: Run Behavior\ShowPageTraceBehavior [ RunTime:0.001000s ]
INFO: [ app_end ] --END-- [ RunTime:0.001000s ]

[ 2017-04-24T17:27:25+08:00 ] 127.0.0.1 /think/index.php/Home/User/login
INFO: [ app_init ] --START--
INFO: Run Behavior\BuildLiteBehavior [ RunTime:0.000000s ]
INFO: [ app_init ] --END-- [ RunTime:0.001001s ]
INFO: [ app_begin ] --START--
INFO: Run Behavior\ReadHtmlCacheBehavior [ RunTime:0.001000s ]
INFO: [ app_begin ] --END-- [ RunTime:0.001000s ]
SQL: SHOW COLUMNS FROM `employee` [ RunTime:0.0030s ]
SQL: SELECT * FROM `employee` WHERE ( userName='陈伟' )  [ RunTime:0.0010s ]
SQL: SHOW COLUMNS FROM `employeejob` [ RunTime:0.0020s ]
SQL: SELECT m.* FROM employeejob ej,jobmenu jm,menu m WHERE ( ej.eid = jm.eid AND m.mid = jm.mid and m.mid=1 )  [ RunTime:0.0010s ]
INFO: [ app_end ] --START--
INFO: Run Behavior\ShowPageTraceBehavior [ RunTime:0.001000s ]
INFO: [ app_end ] --END-- [ RunTime:0.001000s ]

[ 2017-04-24T17:27:37+08:00 ] 127.0.0.1 /think/index.php/Home/User/login
INFO: [ app_init ] --START--
INFO: Run Behavior\BuildLiteBehavior [ RunTime:0.000000s ]
INFO: [ app_init ] --END-- [ RunTime:0.000000s ]
INFO: [ app_begin ] --START--
INFO: Run Behavior\ReadHtmlCacheBehavior [ RunTime:0.000000s ]
INFO: [ app_begin ] --END-- [ RunTime:0.000000s ]
SQL: SHOW COLUMNS FROM `employee` [ RunTime:0.0030s ]
SQL: SELECT * FROM `employee` WHERE ( userName='陈伟' )  [ RunTime:0.0010s ]
SQL: SHOW COLUMNS FROM `employeejob` [ RunTime:0.0050s ]
SQL: SELECT m.* FROM employeejob ej,jobmenu jm,menu m WHERE ( ej.eid = jm.eid AND m.mid = jm.mid and m.mid=1 )  [ RunTime:0.0000s ]
INFO: [ app_end ] --START--
INFO: Run Behavior\ShowPageTraceBehavior [ RunTime:0.000000s ]
INFO: [ app_end ] --END-- [ RunTime:0.001000s ]

[ 2017-04-24T17:34:12+08:00 ] 127.0.0.1 /think/index.php/Home/User/login
INFO: [ app_init ] --START--
INFO: Run Behavior\BuildLiteBehavior [ RunTime:0.000000s ]
INFO: [ app_init ] --END-- [ RunTime:0.021001s ]
INFO: [ app_begin ] --START--
INFO: Run Behavior\ReadHtmlCacheBehavior [ RunTime:0.002000s ]
INFO: [ app_begin ] --END-- [ RunTime:0.002000s ]
SQL: SHOW COLUMNS FROM `employee` [ RunTime:0.0620s ]
SQL: SELECT * FROM `employee` WHERE ( userName='陈伟' )  [ RunTime:0.0020s ]
SQL: SHOW COLUMNS FROM `employeejob` [ RunTime:0.0450s ]
SQL: SELECT m.* FROM employeejob ej,jobmenu jm,menu m WHERE ( ej.eid = jm.eid AND m.mid = jm.mid and m.mid=1 )  [ RunTime:0.0880s ]
INFO: [ app_end ] --START--
INFO: Run Behavior\ShowPageTraceBehavior [ RunTime:0.003000s ]
INFO: [ app_end ] --END-- [ RunTime:0.003000s ]

[ 2017-04-24T17:36:36+08:00 ] 127.0.0.1 /think/index.php/Home/User/login
INFO: [ app_init ] --START--
INFO: Run Behavior\BuildLiteBehavior [ RunTime:0.000000s ]
INFO: [ app_init ] --END-- [ RunTime:0.001000s ]
INFO: [ app_begin ] --START--
INFO: Run Behavior\ReadHtmlCacheBehavior [ RunTime:0.000000s ]
INFO: [ app_begin ] --END-- [ RunTime:0.000000s ]
SQL: SHOW COLUMNS FROM `employee` [ RunTime:0.0020s ]
SQL: SELECT * FROM `employee` WHERE ( userName='陈伟' )  [ RunTime:0.0010s ]
SQL: SHOW COLUMNS FROM `employeejob` [ RunTime:0.0020s ]
SQL: SELECT m.* FROM employeejob ej,jobmenu jm,menu m WHERE ( ej.eid = jm.eid AND m.mid = jm.mid and m.mid=1 )  [ RunTime:0.0000s ]
INFO: [ app_end ] --START--
INFO: Run Behavior\ShowPageTraceBehavior [ RunTime:0.001000s ]
INFO: [ app_end ] --END-- [ RunTime:0.001000s ]

[ 2017-04-24T17:36:40+08:00 ] 127.0.0.1 /think/index.php/Home/User/login
INFO: [ app_init ] --START--
INFO: Run Behavior\BuildLiteBehavior [ RunTime:0.000000s ]
INFO: [ app_init ] --END-- [ RunTime:0.000000s ]
INFO: [ app_begin ] --START--
INFO: Run Behavior\ReadHtmlCacheBehavior [ RunTime:0.000000s ]
INFO: [ app_begin ] --END-- [ RunTime:0.000000s ]
SQL: SHOW COLUMNS FROM `employee` [ RunTime:0.0020s ]
SQL: SELECT * FROM `employee` WHERE ( userName='陈伟' )  [ RunTime:0.0000s ]
SQL: SHOW COLUMNS FROM `employeejob` [ RunTime:0.0020s ]
SQL: SELECT m.* FROM employeejob ej,jobmenu jm,menu m WHERE ( ej.eid = jm.eid AND m.mid = jm.mid and m.mid=1 )  [ RunTime:0.0010s ]
INFO: [ app_end ] --START--
INFO: Run Behavior\ShowPageTraceBehavior [ RunTime:0.001000s ]
INFO: [ app_end ] --END-- [ RunTime:0.001000s ]

[ 2017-04-24T17:36:56+08:00 ] 127.0.0.1 /think/index.php/Home/User/login
INFO: [ app_init ] --START--
INFO: Run Behavior\BuildLiteBehavior [ RunTime:0.000000s ]
INFO: [ app_init ] --END-- [ RunTime:0.000000s ]
INFO: [ app_begin ] --START--
INFO: Run Behavior\ReadHtmlCacheBehavior [ RunTime:0.001000s ]
INFO: [ app_begin ] --END-- [ RunTime:0.001000s ]
SQL: SHOW COLUMNS FROM `employee` [ RunTime:0.0020s ]
SQL: SELECT * FROM `employee` WHERE ( userName='陈伟' )  [ RunTime:0.0010s ]
SQL: SHOW COLUMNS FROM `employeejob` [ RunTime:0.0020s ]
SQL: SELECT m.* FROM employeejob ej,jobmenu jm,menu m WHERE ( ej.eid = jm.eid AND m.mid = jm.mid and m.mid=1 )  [ RunTime:0.0010s ]
INFO: [ app_end ] --START--
INFO: Run Behavior\ShowPageTraceBehavior [ RunTime:0.001000s ]
INFO: [ app_end ] --END-- [ RunTime:0.001000s ]

[ 2017-04-24T17:36:59+08:00 ] 127.0.0.1 /think/index.php/Home/User/login
INFO: [ app_init ] --START--
INFO: Run Behavior\BuildLiteBehavior [ RunTime:0.000000s ]
INFO: [ app_init ] --END-- [ RunTime:0.001000s ]
INFO: [ app_begin ] --START--
INFO: Run Behavior\ReadHtmlCacheBehavior [ RunTime:0.000000s ]
INFO: [ app_begin ] --END-- [ RunTime:0.001000s ]
SQL: SHOW COLUMNS FROM `employee` [ RunTime:0.0020s ]
SQL: SELECT * FROM `employee` WHERE ( userName='陈伟' )  [ RunTime:0.0000s ]
SQL: SHOW COLUMNS FROM `employeejob` [ RunTime:0.0020s ]
SQL: SELECT m.* FROM employeejob ej,jobmenu jm,menu m WHERE ( ej.eid = jm.eid AND m.mid = jm.mid and m.mid=1 )  [ RunTime:0.0000s ]
INFO: [ app_end ] --START--
INFO: Run Behavior\ShowPageTraceBehavior [ RunTime:0.000000s ]
INFO: [ app_end ] --END-- [ RunTime:0.001000s ]

[ 2017-04-24T17:38:33+08:00 ] 127.0.0.1 /think/index.php/Home/User/login
INFO: [ app_init ] --START--
INFO: Run Behavior\BuildLiteBehavior [ RunTime:0.000000s ]
INFO: [ app_init ] --END-- [ RunTime:0.000000s ]
INFO: [ app_begin ] --START--
INFO: Run Behavior\ReadHtmlCacheBehavior [ RunTime:0.001000s ]
INFO: [ app_begin ] --END-- [ RunTime:0.001000s ]
SQL: SHOW COLUMNS FROM `employee` [ RunTime:0.0030s ]
NOTIC: [8] Undefined index: userName D:\PHP-webapp\think\Application\Home\Controller\UserController.class.php 第 12 行.
NOTIC: [8] Undefined index: pwd D:\PHP-webapp\think\Application\Home\Controller\UserController.class.php 第 13 行.
SQL: SELECT * FROM `employee` WHERE ( userName='' )  [ RunTime:0.0000s ]
INFO: [ app_end ] --START--
INFO: Run Behavior\ShowPageTraceBehavior [ RunTime:0.001000s ]
INFO: [ app_end ] --END-- [ RunTime:0.001000s ]

[ 2017-04-24T17:38:41+08:00 ] 127.0.0.1 /think/index.php/Home/User/login
INFO: [ app_init ] --START--
INFO: Run Behavior\BuildLiteBehavior [ RunTime:0.000000s ]
INFO: [ app_init ] --END-- [ RunTime:0.001001s ]
INFO: [ app_begin ] --START--
INFO: Run Behavior\ReadHtmlCacheBehavior [ RunTime:0.001000s ]
INFO: [ app_begin ] --END-- [ RunTime:0.001000s ]
SQL: SHOW COLUMNS FROM `employee` [ RunTime:0.0020s ]
SQL: SELECT * FROM `employee` WHERE ( userName='陈伟' )  [ RunTime:0.0000s ]
SQL: SHOW COLUMNS FROM `employeejob` [ RunTime:0.0020s ]
SQL: SELECT m.* FROM employeejob ej,jobmenu jm,menu m WHERE ( ej.eid = jm.eid AND m.mid = jm.mid and m.mid=1 )  [ RunTime:0.0010s ]
INFO: [ app_end ] --START--
INFO: Run Behavior\ShowPageTraceBehavior [ RunTime:0.001000s ]
INFO: [ app_end ] --END-- [ RunTime:0.001000s ]

[ 2017-04-24T17:39:28+08:00 ] 127.0.0.1 /think/index.php/Home/User/login
INFO: [ app_init ] --START--
INFO: Run Behavior\BuildLiteBehavior [ RunTime:0.000000s ]
INFO: [ app_init ] --END-- [ RunTime:0.000000s ]
INFO: [ app_begin ] --START--
INFO: Run Behavior\ReadHtmlCacheBehavior [ RunTime:0.001000s ]
INFO: [ app_begin ] --END-- [ RunTime:0.001000s ]
SQL: SHOW COLUMNS FROM `employee` [ RunTime:0.0020s ]
SQL: SELECT * FROM `employee` WHERE ( userName='陈伟' )  [ RunTime:0.0000s ]
SQL: SHOW COLUMNS FROM `employeejob` [ RunTime:0.0020s ]
SQL: SELECT m.* FROM employeejob ej,jobmenu jm,menu m WHERE ( ej.eid = jm.eid AND m.mid = jm.mid and m.mid=1 )  [ RunTime:0.0000s ]
INFO: [ app_end ] --START--
INFO: Run Behavior\ShowPageTraceBehavior [ RunTime:0.001000s ]
INFO: [ app_end ] --END-- [ RunTime:0.001000s ]

[ 2017-04-24T17:39:48+08:00 ] 127.0.0.1 /think/index.php/Home/User/login
INFO: [ app_init ] --START--
INFO: Run Behavior\BuildLiteBehavior [ RunTime:0.000000s ]
INFO: [ app_init ] --END-- [ RunTime:0.001000s ]
INFO: [ app_begin ] --START--
INFO: Run Behavior\ReadHtmlCacheBehavior [ RunTime:0.000000s ]
INFO: [ app_begin ] --END-- [ RunTime:0.000000s ]
SQL: SHOW COLUMNS FROM `employee` [ RunTime:0.0020s ]
SQL: SELECT * FROM `employee` WHERE ( userName='陈伟' )  [ RunTime:0.0000s ]
SQL: SHOW COLUMNS FROM `employeejob` [ RunTime:0.0020s ]
SQL: SELECT m.* FROM employeejob ej,jobmenu jm,menu m WHERE ( ej.eid = jm.eid AND m.mid = jm.mid and m.mid=1 )  [ RunTime:0.0000s ]
INFO: [ app_end ] --START--
INFO: Run Behavior\ShowPageTraceBehavior [ RunTime:0.000000s ]
INFO: [ app_end ] --END-- [ RunTime:0.001000s ]

[ 2017-04-24T17:41:33+08:00 ] 127.0.0.1 /think/index.php/Home/User/login
INFO: [ app_init ] --START--
INFO: Run Behavior\BuildLiteBehavior [ RunTime:0.000000s ]
INFO: [ app_init ] --END-- [ RunTime:0.000000s ]
INFO: [ app_begin ] --START--
INFO: Run Behavior\ReadHtmlCacheBehavior [ RunTime:0.001000s ]
INFO: [ app_begin ] --END-- [ RunTime:0.001000s ]
NOTIC: [8] A session had already been started - ignoring session_start() D:\PHP-webapp\think\Application\Home\Controller\UserController.class.php 第 3 行.
SQL: SHOW COLUMNS FROM `employee` [ RunTime:0.0040s ]
SQL: SELECT * FROM `employee` WHERE ( userName='陈伟' )  [ RunTime:0.0000s ]
SQL: SHOW COLUMNS FROM `employeejob` [ RunTime:0.0020s ]
SQL: SELECT m.* FROM employeejob ej,jobmenu jm,menu m WHERE ( ej.eid = jm.eid AND m.mid = jm.mid and m.mid=1 )  [ RunTime:0.0000s ]
INFO: [ app_end ] --START--
INFO: Run Behavior\ShowPageTraceBehavior [ RunTime:0.000000s ]
INFO: [ app_end ] --END-- [ RunTime:0.001000s ]

[ 2017-04-24T17:46:45+08:00 ] 127.0.0.1 /think/index.php/Home/User/login
INFO: [ app_init ] --START--
INFO: Run Behavior\BuildLiteBehavior [ RunTime:0.000000s ]
INFO: [ app_init ] --END-- [ RunTime:0.001001s ]
INFO: [ app_begin ] --START--
INFO: Run Behavior\ReadHtmlCacheBehavior [ RunTime:0.001000s ]
INFO: [ app_begin ] --END-- [ RunTime:0.001000s ]
NOTIC: [8] A session had already been started - ignoring session_start() D:\PHP-webapp\think\Application\Home\Controller\UserController.class.php 第 3 行.
SQL: SHOW COLUMNS FROM `employee` [ RunTime:0.0020s ]
SQL: SELECT * FROM `employee` WHERE ( userName='陈伟' )  [ RunTime:0.0000s ]
SQL: SHOW COLUMNS FROM `employeejob` [ RunTime:0.0020s ]
SQL: SELECT m.* FROM employeejob ej,jobmenu jm,menu m WHERE ( ej.eid = jm.eid AND m.mid = jm.mid and m.mid=1 )  [ RunTime:0.0000s ]
INFO: [ app_end ] --START--
INFO: Run Behavior\ShowPageTraceBehavior [ RunTime:0.001000s ]
INFO: [ app_end ] --END-- [ RunTime:0.001000s ]

[ 2017-04-24T17:51:34+08:00 ] 127.0.0.1 /think/index.php/Home/User/login
INFO: [ app_init ] --START--
INFO: Run Behavior\BuildLiteBehavior [ RunTime:0.000000s ]
INFO: [ app_init ] --END-- [ RunTime:0.000000s ]
INFO: [ app_begin ] --START--
INFO: Run Behavior\ReadHtmlCacheBehavior [ RunTime:0.001000s ]
INFO: [ app_begin ] --END-- [ RunTime:0.001000s ]
NOTIC: [8] A session had already been started - ignoring session_start() D:\PHP-webapp\think\Application\Home\Controller\UserController.class.php 第 3 行.
SQL: SHOW COLUMNS FROM `employee` [ RunTime:0.0040s ]
SQL: SELECT * FROM `employee` WHERE ( userName='陈伟' )  [ RunTime:0.0000s ]
SQL: SHOW COLUMNS FROM `employeejob` [ RunTime:0.0020s ]
SQL: SELECT m.* FROM employeejob ej,jobmenu jm,menu m WHERE ( ej.eid = jm.eid AND m.mid = jm.mid and m.mid=1 )  [ RunTime:0.0000s ]
INFO: [ app_end ] --START--
INFO: Run Behavior\ShowPageTraceBehavior [ RunTime:0.000000s ]
INFO: [ app_end ] --END-- [ RunTime:0.000000s ]

[ 2017-04-24T17:52:15+08:00 ] 127.0.0.1 /think/index.php/Home/User/login
INFO: [ app_init ] --START--
INFO: Run Behavior\BuildLiteBehavior [ RunTime:0.000000s ]
INFO: [ app_init ] --END-- [ RunTime:0.000000s ]
INFO: [ app_begin ] --START--
INFO: Run Behavior\ReadHtmlCacheBehavior [ RunTime:0.000000s ]
INFO: [ app_begin ] --END-- [ RunTime:0.000000s ]
NOTIC: [8] A session had already been started - ignoring session_start() D:\PHP-webapp\think\Application\Home\Controller\UserController.class.php 第 3 行.
SQL: SHOW COLUMNS FROM `employee` [ RunTime:0.0020s ]
SQL: SELECT * FROM `employee` WHERE ( userName='陈伟' )  [ RunTime:0.0000s ]
SQL: SHOW COLUMNS FROM `employeejob` [ RunTime:0.0010s ]
SQL: SELECT m.* FROM employeejob ej,jobmenu jm,menu m WHERE ( ej.eid = jm.eid AND m.mid = jm.mid and m.mid=1 )  [ RunTime:0.0000s ]
INFO: [ app_end ] --START--
INFO: Run Behavior\ShowPageTraceBehavior [ RunTime:0.001000s ]
INFO: [ app_end ] --END-- [ RunTime:0.001000s ]

[ 2017-04-24T17:55:01+08:00 ] 127.0.0.1 /think/index.php/Home/User/login
INFO: [ app_init ] --START--
INFO: Run Behavior\BuildLiteBehavior [ RunTime:0.000000s ]
INFO: [ app_init ] --END-- [ RunTime:0.000000s ]
INFO: [ app_begin ] --START--
INFO: Run Behavior\ReadHtmlCacheBehavior [ RunTime:0.001000s ]
INFO: [ app_begin ] --END-- [ RunTime:0.001000s ]
NOTIC: [8] A session had already been started - ignoring session_start() D:\PHP-webapp\think\Application\Home\Controller\UserController.class.php 第 3 行.
SQL: SHOW COLUMNS FROM `employee` [ RunTime:0.0030s ]
SQL: SELECT * FROM `employee` WHERE ( userName='陈伟' )  [ RunTime:0.0010s ]
SQL: SHOW COLUMNS FROM `employeejob` [ RunTime:0.0040s ]
SQL: SELECT m.* FROM employeejob ej,jobmenu jm,menu m WHERE ( ej.eid = jm.eid AND m.mid = jm.mid and m.mid=1 )  [ RunTime:0.0000s ]
INFO: [ app_end ] --START--
INFO: Run Behavior\ShowPageTraceBehavior [ RunTime:0.000000s ]
INFO: [ app_end ] --END-- [ RunTime:0.001000s ]

[ 2017-04-24T17:55:48+08:00 ] 127.0.0.1 /think/index.php/Home/User/login
INFO: [ app_init ] --START--
INFO: Run Behavior\BuildLiteBehavior [ RunTime:0.000000s ]
INFO: [ app_init ] --END-- [ RunTime:0.001000s ]
INFO: [ app_begin ] --START--
INFO: Run Behavior\ReadHtmlCacheBehavior [ RunTime:0.000000s ]
INFO: [ app_begin ] --END-- [ RunTime:0.000000s ]
NOTIC: [8] A session had already been started - ignoring session_start() D:\PHP-webapp\think\Application\Home\Controller\UserController.class.php 第 3 行.
SQL: SHOW COLUMNS FROM `employee` [ RunTime:0.0020s ]
SQL: SELECT * FROM `employee` WHERE ( userName='陈伟' )  [ RunTime:0.0010s ]
SQL: SHOW COLUMNS FROM `employeejob` [ RunTime:0.0010s ]
SQL: SELECT m.* FROM employeejob ej,jobmenu jm,menu m WHERE ( ej.eid = jm.eid AND m.mid = jm.mid AND ej.eid=1 )  [ RunTime:0.0010s ]
INFO: [ app_end ] --START--
INFO: Run Behavior\ShowPageTraceBehavior [ RunTime:0.002000s ]
INFO: [ app_end ] --END-- [ RunTime:0.002000s ]

[ 2017-04-24T17:57:13+08:00 ] 127.0.0.1 /think/index.php/Home/User/login
INFO: [ app_init ] --START--
INFO: Run Behavior\BuildLiteBehavior [ RunTime:0.000000s ]
INFO: [ app_init ] --END-- [ RunTime:0.001000s ]
INFO: [ app_begin ] --START--
INFO: Run Behavior\ReadHtmlCacheBehavior [ RunTime:0.003001s ]
INFO: [ app_begin ] --END-- [ RunTime:0.003001s ]
NOTIC: [8] A session had already been started - ignoring session_start() D:\PHP-webapp\think\Application\Home\Controller\UserController.class.php 第 3 行.
SQL: SHOW COLUMNS FROM `employee` [ RunTime:0.0020s ]
SQL: SELECT * FROM `employee` WHERE ( userName='陈伟' )  [ RunTime:0.0000s ]
SQL: SHOW COLUMNS FROM `employeejob` [ RunTime:0.0030s ]
SQL: SELECT m.* FROM employeejob ej,jobmenu jm,menu m WHERE ( ej.eid = jm.eid AND m.mid = jm.mid AND ej.eid=1 )  [ RunTime:0.0000s ]
INFO: [ app_end ] --START--
INFO: Run Behavior\ShowPageTraceBehavior [ RunTime:0.000000s ]
INFO: [ app_end ] --END-- [ RunTime:0.001000s ]

[ 2017-04-24T17:57:38+08:00 ] 127.0.0.1 /think/index.php/Home/User/login
INFO: [ app_init ] --START--
INFO: Run Behavior\BuildLiteBehavior [ RunTime:0.000000s ]
INFO: [ app_init ] --END-- [ RunTime:0.001000s ]
INFO: [ app_begin ] --START--
INFO: Run Behavior\ReadHtmlCacheBehavior [ RunTime:0.001000s ]
INFO: [ app_begin ] --END-- [ RunTime:0.001000s ]
NOTIC: [8] A session had already been started - ignoring session_start() D:\PHP-webapp\think\Application\Home\Controller\UserController.class.php 第 3 行.
SQL: SHOW COLUMNS FROM `employee` [ RunTime:0.0020s ]
SQL: SELECT * FROM `employee` WHERE ( userName='陈伟' )  [ RunTime:0.0000s ]
SQL: SHOW COLUMNS FROM `employeejob` [ RunTime:0.0010s ]
SQL: SELECT m.* FROM employeejob ej,jobmenu jm,menu m WHERE ( ej.eid = jm.eid AND m.mid = jm.mid AND ej.eid=1 )  [ RunTime:0.0000s ]
INFO: [ app_end ] --START--
INFO: Run Behavior\ShowPageTraceBehavior [ RunTime:0.001000s ]
INFO: [ app_end ] --END-- [ RunTime:0.001000s ]

[ 2017-04-24T18:02:03+08:00 ] 127.0.0.1 /think/index.php/Home/User/login
INFO: [ app_init ] --START--
INFO: Run Behavior\BuildLiteBehavior [ RunTime:0.000000s ]
INFO: [ app_init ] --END-- [ RunTime:0.000000s ]
INFO: [ app_begin ] --START--
INFO: Run Behavior\ReadHtmlCacheBehavior [ RunTime:0.002000s ]
INFO: [ app_begin ] --END-- [ RunTime:0.003000s ]
NOTIC: [8] A session had already been started - ignoring session_start() D:\PHP-webapp\think\Application\Home\Controller\UserController.class.php 第 3 行.
SQL: SHOW COLUMNS FROM `employee` [ RunTime:0.0070s ]
SQL: SELECT * FROM `employee` WHERE ( userName='陈伟' )  [ RunTime:0.0010s ]
SQL: SHOW COLUMNS FROM `employeejob` [ RunTime:0.0040s ]
SQL: SELECT m.* FROM employeejob ej,jobmenu jm,menu m WHERE ( ej.eid = jm.eid AND m.mid = jm.mid AND ej.eid=1 )  [ RunTime:0.0000s ]
INFO: [ app_end ] --START--
INFO: Run Behavior\ShowPageTraceBehavior [ RunTime:0.001000s ]
INFO: [ app_end ] --END-- [ RunTime:0.001000s ]

[ 2017-04-24T18:03:57+08:00 ] 127.0.0.1 /think/index.php/Home/User/login
INFO: [ app_init ] --START--
INFO: Run Behavior\BuildLiteBehavior [ RunTime:0.000000s ]
INFO: [ app_init ] --END-- [ RunTime:0.000000s ]
INFO: [ app_begin ] --START--
INFO: Run Behavior\ReadHtmlCacheBehavior [ RunTime:0.001000s ]
INFO: [ app_begin ] --END-- [ RunTime:0.001000s ]
NOTIC: [8] A session had already been started - ignoring session_start() D:\PHP-webapp\think\Application\Home\Controller\UserController.class.php 第 3 行.
SQL: SHOW COLUMNS FROM `employee` [ RunTime:0.0100s ]
SQL: SELECT * FROM `employee` WHERE ( userName='陈伟' )  [ RunTime:0.0000s ]
SQL: SHOW COLUMNS FROM `employeejob` [ RunTime:0.0030s ]
SQL: SELECT m.* FROM employeejob ej,jobmenu jm,menu m WHERE ( ej.eid = jm.eid AND m.mid = jm.mid AND ej.eid=1 )  [ RunTime:0.0000s ]
INFO: [ app_end ] --START--
INFO: Run Behavior\ShowPageTraceBehavior [ RunTime:0.001000s ]
INFO: [ app_end ] --END-- [ RunTime:0.001000s ]

[ 2017-04-24T18:05:58+08:00 ] 127.0.0.1 /think/index.php/Home/User/login
INFO: [ app_init ] --START--
INFO: Run Behavior\BuildLiteBehavior [ RunTime:0.000000s ]
INFO: [ app_init ] --END-- [ RunTime:0.001000s ]
INFO: [ app_begin ] --START--
INFO: Run Behavior\ReadHtmlCacheBehavior [ RunTime:0.001000s ]
INFO: [ app_begin ] --END-- [ RunTime:0.001000s ]
NOTIC: [8] A session had already been started - ignoring session_start() D:\PHP-webapp\think\Application\Home\Controller\UserController.class.php 第 3 行.
SQL: SHOW COLUMNS FROM `employee` [ RunTime:0.0020s ]
SQL: SELECT * FROM `employee` WHERE ( userName='陈伟' )  [ RunTime:0.0010s ]
SQL: SHOW COLUMNS FROM `employeejob` [ RunTime:0.0020s ]
SQL: SELECT m.* FROM employeejob ej,jobmenu jm,menu m WHERE ( ej.eid = jm.eid AND m.mid = jm.mid AND ej.eid=1 )  [ RunTime:0.0010s ]
INFO: [ app_end ] --START--
INFO: Run Behavior\ShowPageTraceBehavior [ RunTime:0.001000s ]
INFO: [ app_end ] --END-- [ RunTime:0.001000s ]

[ 2017-04-24T18:09:12+08:00 ] 127.0.0.1 /think/index.php/Home/User/login
INFO: [ app_init ] --START--
INFO: Run Behavior\BuildLiteBehavior [ RunTime:0.000000s ]
INFO: [ app_init ] --END-- [ RunTime:0.001000s ]
INFO: [ app_begin ] --START--
INFO: Run Behavior\ReadHtmlCacheBehavior [ RunTime:0.000000s ]
INFO: [ app_begin ] --END-- [ RunTime:0.000000s ]
NOTIC: [8] A session had already been started - ignoring session_start() D:\PHP-webapp\think\Application\Home\Controller\UserController.class.php 第 3 行.
SQL: SHOW COLUMNS FROM `employee` [ RunTime:0.0040s ]
SQL: SELECT * FROM `employee` WHERE ( userName='陈伟' )  [ RunTime:0.0000s ]
SQL: SHOW COLUMNS FROM `employeejob` [ RunTime:0.0030s ]
SQL: SELECT m.* FROM employeejob ej,jobmenu jm,menu m WHERE ( ej.eid = jm.eid AND m.mid = jm.mid AND ej.eid=1 )  [ RunTime:0.0000s ]
INFO: [ app_end ] --START--
INFO: Run Behavior\ShowPageTraceBehavior [ RunTime:0.001000s ]
INFO: [ app_end ] --END-- [ RunTime:0.001000s ]

[ 2017-04-24T18:10:02+08:00 ] 127.0.0.1 /think/index.php/Home/User/login
INFO: [ app_init ] --START--
INFO: Run Behavior\BuildLiteBehavior [ RunTime:0.001000s ]
INFO: [ app_init ] --END-- [ RunTime:0.001000s ]
INFO: [ app_begin ] --START--
INFO: Run Behavior\ReadHtmlCacheBehavior [ RunTime:0.000000s ]
INFO: [ app_begin ] --END-- [ RunTime:0.001000s ]
NOTIC: [8] A session had already been started - ignoring session_start() D:\PHP-webapp\think\Application\Home\Controller\UserController.class.php 第 3 行.
SQL: SHOW COLUMNS FROM `employee` [ RunTime:0.0020s ]
SQL: SELECT * FROM `employee` WHERE ( userName='陈伟' )  [ RunTime:0.0010s ]
SQL: SHOW COLUMNS FROM `employeejob` [ RunTime:0.0020s ]
SQL: SELECT m.* FROM employeejob ej,jobmenu jm,menu m WHERE ( ej.eid = jm.eid AND m.mid = jm.mid AND ej.eid=1 )  [ RunTime:0.0010s ]
INFO: [ app_end ] --START--
INFO: Run Behavior\ShowPageTraceBehavior [ RunTime:0.001000s ]
INFO: [ app_end ] --END-- [ RunTime:0.001000s ]

[ 2017-04-24T18:10:45+08:00 ] 127.0.0.1 /think/index.php/Home/User/login
INFO: [ app_init ] --START--
INFO: Run Behavior\BuildLiteBehavior [ RunTime:0.000000s ]
INFO: [ app_init ] --END-- [ RunTime:0.000000s ]
INFO: [ app_begin ] --START--
INFO: Run Behavior\ReadHtmlCacheBehavior [ RunTime:0.001000s ]
INFO: [ app_begin ] --END-- [ RunTime:0.001000s ]
NOTIC: [8] A session had already been started - ignoring session_start() D:\PHP-webapp\think\Application\Home\Controller\UserController.class.php 第 3 行.
SQL: SHOW COLUMNS FROM `employee` [ RunTime:0.0050s ]
SQL: SELECT * FROM `employee` WHERE ( userName='陈伟' )  [ RunTime:0.0010s ]
SQL: SHOW COLUMNS FROM `employeejob` [ RunTime:0.0030s ]
SQL: SELECT m.* FROM employeejob ej,jobmenu jm,menu m WHERE ( ej.eid = jm.eid AND m.mid = jm.mid AND ej.eid=1 )  [ RunTime:0.0010s ]
INFO: [ app_end ] --START--
INFO: Run Behavior\ShowPageTraceBehavior [ RunTime:0.001000s ]
INFO: [ app_end ] --END-- [ RunTime:0.001000s ]

[ 2017-04-24T18:14:44+08:00 ] 127.0.0.1 /think/index.php/Home/User/login
INFO: [ app_init ] --START--
INFO: Run Behavior\BuildLiteBehavior [ RunTime:0.000000s ]
INFO: [ app_init ] --END-- [ RunTime:0.000000s ]
INFO: [ app_begin ] --START--
INFO: Run Behavior\ReadHtmlCacheBehavior [ RunTime:0.000000s ]
INFO: [ app_begin ] --END-- [ RunTime:0.001000s ]

[ 2017-04-24T18:15:55+08:00 ] 127.0.0.1 /think/index.php/Home/User/login
INFO: [ app_init ] --START--
INFO: Run Behavior\BuildLiteBehavior [ RunTime:0.000000s ]
INFO: [ app_init ] --END-- [ RunTime:0.000000s ]
INFO: [ app_begin ] --START--
INFO: Run Behavior\ReadHtmlCacheBehavior [ RunTime:0.001000s ]
INFO: [ app_begin ] --END-- [ RunTime:0.001000s ]
NOTIC: [8] A session had already been started - ignoring session_start() D:\PHP-webapp\think\Application\Home\Controller\UserController.class.php 第 3 行.
SQL: SHOW COLUMNS FROM `employee` [ RunTime:0.0020s ]
SQL: SELECT * FROM `employee` WHERE ( userName='陈伟' )  [ RunTime:0.0020s ]
INFO: [ app_end ] --START--
INFO: Run Behavior\ShowPageTraceBehavior [ RunTime:0.001000s ]
INFO: [ app_end ] --END-- [ RunTime:0.001000s ]

[ 2017-04-24T18:17:17+08:00 ] 127.0.0.1 /think/index.php/Home/User/login
INFO: [ app_init ] --START--
INFO: Run Behavior\BuildLiteBehavior [ RunTime:0.000000s ]
INFO: [ app_init ] --END-- [ RunTime:0.001000s ]
INFO: [ app_begin ] --START--
INFO: Run Behavior\ReadHtmlCacheBehavior [ RunTime:0.000000s ]
INFO: [ app_begin ] --END-- [ RunTime:0.000000s ]
NOTIC: [8] A session had already been started - ignoring session_start() D:\PHP-webapp\think\Application\Home\Controller\UserController.class.php 第 3 行.
SQL: SHOW COLUMNS FROM `employee` [ RunTime:0.0020s ]
SQL: SELECT * FROM `employee` WHERE ( userName='陈伟' )  [ RunTime:0.0000s ]
SQL: SHOW COLUMNS FROM `employeejob` [ RunTime:0.0010s ]
SQL: SELECT m.* FROM employeejob ej,jobmenu jm,menu m WHERE ( ej.eid = jm.eid AND m.mid = jm.mid AND ej.eid=1 )  [ RunTime:0.0000s ]
INFO: [ app_end ] --START--
INFO: Run Behavior\ShowPageTraceBehavior [ RunTime:0.001000s ]
INFO: [ app_end ] --END-- [ RunTime:0.001000s ]

[ 2017-04-24T18:18:10+08:00 ] 127.0.0.1 /think/index.php/Home/User/login
INFO: [ app_init ] --START--
INFO: Run Behavior\BuildLiteBehavior [ RunTime:0.000000s ]
INFO: [ app_init ] --END-- [ RunTime:0.000000s ]
INFO: [ app_begin ] --START--
INFO: Run Behavior\ReadHtmlCacheBehavior [ RunTime:0.001000s ]
INFO: [ app_begin ] --END-- [ RunTime:0.001000s ]
NOTIC: [8] A session had already been started - ignoring session_start() D:\PHP-webapp\think\Application\Home\Controller\UserController.class.php 第 3 行.
SQL: SHOW COLUMNS FROM `employee` [ RunTime:0.0030s ]
SQL: SELECT * FROM `employee` WHERE ( userName='陈伟' )  [ RunTime:0.0000s ]
SQL: SHOW COLUMNS FROM `employeejob` [ RunTime:0.0020s ]
SQL: SELECT m.* FROM employeejob ej,jobmenu jm,menu m WHERE ( ej.eid = jm.eid AND m.mid = jm.mid AND ej.eid=1 )  [ RunTime:0.0010s ]
INFO: [ app_end ] --START--
INFO: Run Behavior\ShowPageTraceBehavior [ RunTime:0.001000s ]
INFO: [ app_end ] --END-- [ RunTime:0.001000s ]

[ 2017-04-24T18:26:04+08:00 ] 127.0.0.1 /think/index.php/Home/User/login
INFO: [ app_init ] --START--
INFO: Run Behavior\BuildLiteBehavior [ RunTime:0.000000s ]
INFO: [ app_init ] --END-- [ RunTime:0.001000s ]
INFO: [ app_begin ] --START--
INFO: Run Behavior\ReadHtmlCacheBehavior [ RunTime:0.001000s ]
INFO: [ app_begin ] --END-- [ RunTime:0.001000s ]
NOTIC: [8] A session had already been started - ignoring session_start() D:\PHP-webapp\think\Application\Home\Controller\UserController.class.php 第 3 行.
SQL: SHOW COLUMNS FROM `employee` [ RunTime:0.0020s ]
SQL: SELECT * FROM `employee` WHERE ( userName='陈伟' )  [ RunTime:0.0000s ]
SQL: SHOW COLUMNS FROM `employeejob` [ RunTime:0.0010s ]
SQL: SELECT m.* FROM employeejob ej,jobmenu jm,menu m WHERE ( ej.eid = jm.eid AND m.mid = jm.mid AND ej.eid=1 )  [ RunTime:0.0000s ]
INFO: [ app_end ] --START--
INFO: Run Behavior\ShowPageTraceBehavior [ RunTime:0.000000s ]
INFO: [ app_end ] --END-- [ RunTime:0.000000s ]

[ 2017-04-24T18:26:59+08:00 ] 127.0.0.1 /think/index.php/Home/User/login
INFO: [ app_init ] --START--
INFO: Run Behavior\BuildLiteBehavior [ RunTime:0.000000s ]
INFO: [ app_init ] --END-- [ RunTime:0.001000s ]
INFO: [ app_begin ] --START--
INFO: Run Behavior\ReadHtmlCacheBehavior [ RunTime:0.000000s ]
INFO: [ app_begin ] --END-- [ RunTime:0.000000s ]
SQL: SHOW COLUMNS FROM `employee` [ RunTime:0.0020s ]
SQL: SELECT * FROM `employee` WHERE ( userName='陈伟' )  [ RunTime:0.0010s ]
SQL: SHOW COLUMNS FROM `employeejob` [ RunTime:0.0020s ]
SQL: SELECT m.* FROM employeejob ej,jobmenu jm,menu m WHERE ( ej.eid = jm.eid AND m.mid = jm.mid AND ej.eid=1 )  [ RunTime:0.0010s ]
INFO: [ app_end ] --START--
INFO: Run Behavior\ShowPageTraceBehavior [ RunTime:0.001001s ]
INFO: [ app_end ] --END-- [ RunTime:0.001001s ]

[ 2017-04-24T18:28:01+08:00 ] 127.0.0.1 /think/index.php/Home/User/login
INFO: [ app_init ] --START--
INFO: Run Behavior\BuildLiteBehavior [ RunTime:0.000000s ]
INFO: [ app_init ] --END-- [ RunTime:0.001000s ]
INFO: [ app_begin ] --START--
INFO: Run Behavior\ReadHtmlCacheBehavior [ RunTime:0.000000s ]
INFO: [ app_begin ] --END-- [ RunTime:0.000000s ]
SQL: SHOW COLUMNS FROM `employee` [ RunTime:0.0020s ]
SQL: SELECT * FROM `employee` WHERE ( userName='陈伟' )  [ RunTime:0.0000s ]
SQL: SHOW COLUMNS FROM `employeejob` [ RunTime:0.0020s ]
SQL: SELECT m.* FROM employeejob ej,jobmenu jm,menu m WHERE ( ej.eid = jm.eid AND m.mid = jm.mid AND ej.eid=1 )  [ RunTime:0.0010s ]
INFO: [ app_end ] --START--
INFO: Run Behavior\ShowPageTraceBehavior [ RunTime:0.001000s ]
INFO: [ app_end ] --END-- [ RunTime:0.001000s ]

[ 2017-04-24T18:29:14+08:00 ] 127.0.0.1 /think/index.php/Home/User/login
INFO: [ app_init ] --START--
INFO: Run Behavior\BuildLiteBehavior [ RunTime:0.000000s ]
INFO: [ app_init ] --END-- [ RunTime:0.000000s ]
INFO: [ app_begin ] --START--
INFO: Run Behavior\ReadHtmlCacheBehavior [ RunTime:0.001000s ]
INFO: [ app_begin ] --END-- [ RunTime:0.001000s ]
SQL: SHOW COLUMNS FROM `employee` [ RunTime:0.0010s ]
SQL: SELECT * FROM `employee` WHERE ( userName='陈伟' )  [ RunTime:0.0000s ]
NOTIC: [8] Undefined index: userName D:\PHP-webapp\think\Application\Home\Controller\UserController.class.php 第 16 行.
SQL: SHOW COLUMNS FROM `employeejob` [ RunTime:0.0030s ]
SQL: SELECT m.* FROM employeejob ej,jobmenu jm,menu m WHERE ( ej.eid = jm.eid AND m.mid = jm.mid AND ej.eid=1 )  [ RunTime:0.0010s ]
INFO: [ app_end ] --START--
INFO: Run Behavior\ShowPageTraceBehavior [ RunTime:0.001000s ]
INFO: [ app_end ] --END-- [ RunTime:0.001000s ]

[ 2017-04-24T18:29:50+08:00 ] 127.0.0.1 /think/index.php/Home/User/login
INFO: [ app_init ] --START--
INFO: Run Behavior\BuildLiteBehavior [ RunTime:0.000000s ]
INFO: [ app_init ] --END-- [ RunTime:0.000000s ]
INFO: [ app_begin ] --START--
INFO: Run Behavior\ReadHtmlCacheBehavior [ RunTime:0.001000s ]
INFO: [ app_begin ] --END-- [ RunTime:0.001000s ]
SQL: SHOW COLUMNS FROM `employee` [ RunTime:0.0020s ]
SQL: SELECT * FROM `employee` WHERE ( userName='陈伟' )  [ RunTime:0.0000s ]
SQL: SHOW COLUMNS FROM `employeejob` [ RunTime:0.0020s ]
SQL: SELECT m.* FROM employeejob ej,jobmenu jm,menu m WHERE ( ej.eid = jm.eid AND m.mid = jm.mid AND ej.eid=1 )  [ RunTime:0.0000s ]
NOTIC: [8] Undefined index: userName D:\PHP-webapp\think\Application\Home\Controller\UserController.class.php 第 29 行.
INFO: [ app_end ] --START--
INFO: Run Behavior\ShowPageTraceBehavior [ RunTime:0.000000s ]
INFO: [ app_end ] --END-- [ RunTime:0.000000s ]

