[ 2017-04-25T13:42:34+08:00 ] 127.0.0.1 /think/index.php/User/User/userlist?pageNo=1&pageSize=10
INFO: [ app_init ] --START--
INFO: Run Behavior\BuildLiteBehavior [ RunTime:0.000000s ]
INFO: [ app_init ] --END-- [ RunTime:0.001000s ]
ERR: 无法加载模块:User

[ 2017-04-25T13:58:09+08:00 ] 127.0.0.1 /think/index.php/User/User/userlist&pageNo=1&pageSize=20
INFO: [ app_init ] --START--
INFO: Run Behavior\BuildLiteBehavior [ RunTime:0.000000s ]
INFO: [ app_init ] --END-- [ RunTime:0.001000s ]
ERR: 无法加载模块:User

[ 2017-04-25T14:00:17+08:00 ] 127.0.0.1 /think/index.php/User/User/userlist&pageNo=1&pageSize=20
INFO: [ app_init ] --START--
INFO: Run Behavior\BuildLiteBehavior [ RunTime:0.000000s ]
INFO: [ app_init ] --END-- [ RunTime:0.001000s ]
ERR: 无法加载模块:User

[ 2017-04-25T14:03:59+08:00 ] 127.0.0.1 /think/index.php/User/User/userlist&pageNo=1&pageSize=10
INFO: [ app_init ] --START--
INFO: Run Behavior\BuildLiteBehavior [ RunTime:0.000000s ]
INFO: [ app_init ] --END-- [ RunTime:0.001000s ]
ERR: 无法加载模块:User

[ 2017-04-25T14:05:44+08:00 ] 127.0.0.1 /think/index.php/User/User/userlist&pageNo=1&pageSize=20
INFO: [ app_init ] --START--
INFO: Run Behavior\BuildLiteBehavior [ RunTime:0.000000s ]
INFO: [ app_init ] --END-- [ RunTime:0.000000s ]
ERR: 无法加载模块:User

[ 2017-04-25T14:07:48+08:00 ] 127.0.0.1 /think/index.php/User/User/userlist&pageNo=1&pageSize=1
INFO: [ app_init ] --START--
INFO: Run Behavior\BuildLiteBehavior [ RunTime:0.000000s ]
INFO: [ app_init ] --END-- [ RunTime:0.001000s ]
ERR: 无法加载模块:User

